<?xml version="1.0" encoding="UTF-8"?>
<testsuite xmlns:xsi="http://www.w3.org/2001/XMLSchema-instance" xsi:noNamespaceSchemaLocation="https://maven.apache.org/surefire/maven-surefire-plugin/xsd/surefire-test-report.xsd" name="com.chenchen.AppTest" time="0.091" tests="1" errors="0" skipped="0" failures="0">
  <properties>
    <property name="sun.desktop" value="windows"/>
    <property name="awt.toolkit" value="sun.awt.windows.WToolkit"/>
    <property name="java.specification.version" value="9"/>
    <property name="file.encoding.pkg" value="sun.io"/>
    <property name="sun.cpu.isalist" value="amd64"/>
    <property name="sun.jnu.encoding" value="GBK"/>
    <property name="java.class.path" value="E:\kaifagongjv\ccdn_parent\ccdn_base\target\test-classes;E:\kaifagongjv\ccdn_parent\ccdn_base\target\classes;E:\Maven3.3.9\ccdn_repository\org\springframework\boot\spring-boot-starter-data-jpa\2.1.4.RELEASE\spring-boot-starter-data-jpa-2.1.4.RELEASE.jar;E:\Maven3.3.9\ccdn_repository\org\springframework\boot\spring-boot-starter-aop\2.1.4.RELEASE\spring-boot-starter-aop-2.1.4.RELEASE.jar;E:\Maven3.3.9\ccdn_repository\org\springframework\spring-aop\5.1.6.RELEASE\spring-aop-5.1.6.RELEASE.jar;E:\Maven3.3.9\ccdn_repository\org\aspectj\aspectjweaver\1.9.2\aspectjweaver-1.9.2.jar;E:\Maven3.3.9\ccdn_repository\org\springframework\boot\spring-boot-starter-jdbc\2.1.4.RELEASE\spring-boot-starter-jdbc-2.1.4.RELEASE.jar;E:\Maven3.3.9\ccdn_repository\com\zaxxer\HikariCP\3.2.0\HikariCP-3.2.0.jar;E:\Maven3.3.9\ccdn_repository\org\springframework\spring-jdbc\5.1.6.RELEASE\spring-jdbc-5.1.6.RELEASE.jar;E:\Maven3.3.9\ccdn_repository\javax\transaction\javax.transaction-api\1.3\javax.transaction-api-1.3.jar;E:\Maven3.3.9\ccdn_repository\javax\xml\bind\jaxb-api\2.3.1\jaxb-api-2.3.1.jar;E:\Maven3.3.9\ccdn_repository\javax\activation\javax.activation-api\1.2.0\javax.activation-api-1.2.0.jar;E:\Maven3.3.9\ccdn_repository\org\hibernate\hibernate-core\5.3.9.Final\hibernate-core-5.3.9.Final.jar;E:\Maven3.3.9\ccdn_repository\org\jboss\logging\jboss-logging\3.3.2.Final\jboss-logging-3.3.2.Final.jar;E:\Maven3.3.9\ccdn_repository\javax\persistence\javax.persistence-api\2.2\javax.persistence-api-2.2.jar;E:\Maven3.3.9\ccdn_repository\org\javassist\javassist\3.23.1-GA\javassist-3.23.1-GA.jar;E:\Maven3.3.9\ccdn_repository\net\bytebuddy\byte-buddy\1.9.12\byte-buddy-1.9.12.jar;E:\Maven3.3.9\ccdn_repository\antlr\antlr\2.7.7\antlr-2.7.7.jar;E:\Maven3.3.9\ccdn_repository\org\jboss\jandex\2.0.5.Final\jandex-2.0.5.Final.jar;E:\Maven3.3.9\ccdn_repository\com\fasterxml\classmate\1.4.0\classmate-1.4.0.jar;E:\Maven3.3.9\ccdn_repository\org\dom4j\dom4j\2.1.1\dom4j-2.1.1.jar;E:\Maven3.3.9\ccdn_repository\org\hibernate\common\hibernate-commons-annotations\5.0.4.Final\hibernate-commons-annotations-5.0.4.Final.jar;E:\Maven3.3.9\ccdn_repository\org\springframework\data\spring-data-jpa\2.1.6.RELEASE\spring-data-jpa-2.1.6.RELEASE.jar;E:\Maven3.3.9\ccdn_repository\org\springframework\data\spring-data-commons\2.1.6.RELEASE\spring-data-commons-2.1.6.RELEASE.jar;E:\Maven3.3.9\ccdn_repository\org\springframework\spring-orm\5.1.6.RELEASE\spring-orm-5.1.6.RELEASE.jar;E:\Maven3.3.9\ccdn_repository\org\springframework\spring-context\5.1.6.RELEASE\spring-context-5.1.6.RELEASE.jar;E:\Maven3.3.9\ccdn_repository\org\springframework\spring-tx\5.1.6.RELEASE\spring-tx-5.1.6.RELEASE.jar;E:\Maven3.3.9\ccdn_repository\org\springframework\spring-beans\5.1.6.RELEASE\spring-beans-5.1.6.RELEASE.jar;E:\Maven3.3.9\ccdn_repository\org\slf4j\slf4j-api\1.7.26\slf4j-api-1.7.26.jar;E:\Maven3.3.9\ccdn_repository\org\springframework\spring-aspects\5.1.6.RELEASE\spring-aspects-5.1.6.RELEASE.jar;E:\kaifagongjv\ccdn_parent\ccdn_common\target\ccdn_common-1.0-SNAPSHOT.jar;E:\Maven3.3.9\ccdn_repository\mysql\mysql-connector-java\8.0.15\mysql-connector-java-8.0.15.jar;E:\Maven3.3.9\ccdn_repository\org\springframework\boot\spring-boot-starter-web\2.1.4.RELEASE\spring-boot-starter-web-2.1.4.RELEASE.jar;E:\Maven3.3.9\ccdn_repository\org\springframework\boot\spring-boot-starter\2.1.4.RELEASE\spring-boot-starter-2.1.4.RELEASE.jar;E:\Maven3.3.9\ccdn_repository\org\springframework\boot\spring-boot\2.1.4.RELEASE\spring-boot-2.1.4.RELEASE.jar;E:\Maven3.3.9\ccdn_repository\org\springframework\boot\spring-boot-autoconfigure\2.1.4.RELEASE\spring-boot-autoconfigure-2.1.4.RELEASE.jar;E:\Maven3.3.9\ccdn_repository\org\springframework\boot\spring-boot-starter-logging\2.1.4.RELEASE\spring-boot-starter-logging-2.1.4.RELEASE.jar;E:\Maven3.3.9\ccdn_repository\ch\qos\logback\logback-classic\1.2.3\logback-classic-1.2.3.jar;E:\Maven3.3.9\ccdn_repository\ch\qos\logback\logback-core\1.2.3\logback-core-1.2.3.jar;E:\Maven3.3.9\ccdn_repository\org\apache\logging\log4j\log4j-to-slf4j\2.11.2\log4j-to-slf4j-2.11.2.jar;E:\Maven3.3.9\ccdn_repository\org\apache\logging\log4j\log4j-api\2.11.2\log4j-api-2.11.2.jar;E:\Maven3.3.9\ccdn_repository\org\slf4j\jul-to-slf4j\1.7.26\jul-to-slf4j-1.7.26.jar;E:\Maven3.3.9\ccdn_repository\javax\annotation\javax.annotation-api\1.3.2\javax.annotation-api-1.3.2.jar;E:\Maven3.3.9\ccdn_repository\org\yaml\snakeyaml\1.23\snakeyaml-1.23.jar;E:\Maven3.3.9\ccdn_repository\org\springframework\boot\spring-boot-starter-json\2.1.4.RELEASE\spring-boot-starter-json-2.1.4.RELEASE.jar;E:\Maven3.3.9\ccdn_repository\com\fasterxml\jackson\core\jackson-databind\2.9.8\jackson-databind-2.9.8.jar;E:\Maven3.3.9\ccdn_repository\com\fasterxml\jackson\core\jackson-annotations\2.9.0\jackson-annotations-2.9.0.jar;E:\Maven3.3.9\ccdn_repository\com\fasterxml\jackson\core\jackson-core\2.9.8\jackson-core-2.9.8.jar;E:\Maven3.3.9\ccdn_repository\com\fasterxml\jackson\datatype\jackson-datatype-jdk8\2.9.8\jackson-datatype-jdk8-2.9.8.jar;E:\Maven3.3.9\ccdn_repository\com\fasterxml\jackson\datatype\jackson-datatype-jsr310\2.9.8\jackson-datatype-jsr310-2.9.8.jar;E:\Maven3.3.9\ccdn_repository\com\fasterxml\jackson\module\jackson-module-parameter-names\2.9.8\jackson-module-parameter-names-2.9.8.jar;E:\Maven3.3.9\ccdn_repository\org\springframework\boot\spring-boot-starter-tomcat\2.1.4.RELEASE\spring-boot-starter-tomcat-2.1.4.RELEASE.jar;E:\Maven3.3.9\ccdn_repository\org\apache\tomcat\embed\tomcat-embed-core\9.0.17\tomcat-embed-core-9.0.17.jar;E:\Maven3.3.9\ccdn_repository\org\apache\tomcat\embed\tomcat-embed-el\9.0.17\tomcat-embed-el-9.0.17.jar;E:\Maven3.3.9\ccdn_repository\org\apache\tomcat\embed\tomcat-embed-websocket\9.0.17\tomcat-embed-websocket-9.0.17.jar;E:\Maven3.3.9\ccdn_repository\org\hibernate\validator\hibernate-validator\6.0.16.Final\hibernate-validator-6.0.16.Final.jar;E:\Maven3.3.9\ccdn_repository\javax\validation\validation-api\2.0.1.Final\validation-api-2.0.1.Final.jar;E:\Maven3.3.9\ccdn_repository\org\springframework\spring-web\5.1.6.RELEASE\spring-web-5.1.6.RELEASE.jar;E:\Maven3.3.9\ccdn_repository\org\springframework\spring-webmvc\5.1.6.RELEASE\spring-webmvc-5.1.6.RELEASE.jar;E:\Maven3.3.9\ccdn_repository\org\springframework\spring-expression\5.1.6.RELEASE\spring-expression-5.1.6.RELEASE.jar;E:\Maven3.3.9\ccdn_repository\org\springframework\boot\spring-boot-starter-test\2.1.4.RELEASE\spring-boot-starter-test-2.1.4.RELEASE.jar;E:\Maven3.3.9\ccdn_repository\org\springframework\boot\spring-boot-test\2.1.4.RELEASE\spring-boot-test-2.1.4.RELEASE.jar;E:\Maven3.3.9\ccdn_repository\org\springframework\boot\spring-boot-test-autoconfigure\2.1.4.RELEASE\spring-boot-test-autoconfigure-2.1.4.RELEASE.jar;E:\Maven3.3.9\ccdn_repository\com\jayway\jsonpath\json-path\2.4.0\json-path-2.4.0.jar;E:\Maven3.3.9\ccdn_repository\net\minidev\json-smart\2.3\json-smart-2.3.jar;E:\Maven3.3.9\ccdn_repository\net\minidev\accessors-smart\1.2\accessors-smart-1.2.jar;E:\Maven3.3.9\ccdn_repository\org\ow2\asm\asm\5.0.4\asm-5.0.4.jar;E:\Maven3.3.9\ccdn_repository\junit\junit\4.12\junit-4.12.jar;E:\Maven3.3.9\ccdn_repository\org\assertj\assertj-core\3.11.1\assertj-core-3.11.1.jar;E:\Maven3.3.9\ccdn_repository\org\mockito\mockito-core\2.23.4\mockito-core-2.23.4.jar;E:\Maven3.3.9\ccdn_repository\net\bytebuddy\byte-buddy-agent\1.9.12\byte-buddy-agent-1.9.12.jar;E:\Maven3.3.9\ccdn_repository\org\objenesis\objenesis\2.6\objenesis-2.6.jar;E:\Maven3.3.9\ccdn_repository\org\hamcrest\hamcrest-core\1.3\hamcrest-core-1.3.jar;E:\Maven3.3.9\ccdn_repository\org\hamcrest\hamcrest-library\1.3\hamcrest-library-1.3.jar;E:\Maven3.3.9\ccdn_repository\org\skyscreamer\jsonassert\1.5.0\jsonassert-1.5.0.jar;E:\Maven3.3.9\ccdn_repository\com\vaadin\external\google\android-json\0.0.20131108.vaadin1\android-json-0.0.20131108.vaadin1.jar;E:\Maven3.3.9\ccdn_repository\org\springframework\spring-core\5.1.6.RELEASE\spring-core-5.1.6.RELEASE.jar;E:\Maven3.3.9\ccdn_repository\org\springframework\spring-jcl\5.1.6.RELEASE\spring-jcl-5.1.6.RELEASE.jar;E:\Maven3.3.9\ccdn_repository\org\springframework\spring-test\5.1.6.RELEASE\spring-test-5.1.6.RELEASE.jar;E:\Maven3.3.9\ccdn_repository\org\xmlunit\xmlunit-core\2.6.2\xmlunit-core-2.6.2.jar;"/>
    <property name="java.vm.vendor" value="Oracle Corporation"/>
    <property name="sun.arch.data.model" value="64"/>
    <property name="user.variant" value=""/>
    <property name="java.vendor.url" value="http://java.oracle.com/"/>
    <property name="user.timezone" value="Asia/Shanghai"/>
    <property name="java.vm.specification.version" value="9"/>
    <property name="os.name" value="Windows 10"/>
    <property name="sun.java.launcher" value="SUN_STANDARD"/>
    <property name="user.country" value="CN"/>
    <property name="sun.boot.library.path" value="C:\Program Files\Java\jdk-9.0.4\bin"/>
    <property name="sun.java.command" value="C:\Users\陈晨\AppData\Local\Temp\surefire11013965805266777595\surefirebooter17816282288923483484.jar C:\Users\陈晨\AppData\Local\Temp\surefire11013965805266777595 2020-11-14T12-00-13_494-jvmRun1 surefire1151810492282194006tmp surefire_014605269134022421800tmp"/>
    <property name="jdk.debug" value="release"/>
    <property name="surefire.test.class.path" value="E:\kaifagongjv\ccdn_parent\ccdn_base\target\test-classes;E:\kaifagongjv\ccdn_parent\ccdn_base\target\classes;E:\Maven3.3.9\ccdn_repository\org\springframework\boot\spring-boot-starter-data-jpa\2.1.4.RELEASE\spring-boot-starter-data-jpa-2.1.4.RELEASE.jar;E:\Maven3.3.9\ccdn_repository\org\springframework\boot\spring-boot-starter-aop\2.1.4.RELEASE\spring-boot-starter-aop-2.1.4.RELEASE.jar;E:\Maven3.3.9\ccdn_repository\org\springframework\spring-aop\5.1.6.RELEASE\spring-aop-5.1.6.RELEASE.jar;E:\Maven3.3.9\ccdn_repository\org\aspectj\aspectjweaver\1.9.2\aspectjweaver-1.9.2.jar;E:\Maven3.3.9\ccdn_repository\org\springframework\boot\spring-boot-starter-jdbc\2.1.4.RELEASE\spring-boot-starter-jdbc-2.1.4.RELEASE.jar;E:\Maven3.3.9\ccdn_repository\com\zaxxer\HikariCP\3.2.0\HikariCP-3.2.0.jar;E:\Maven3.3.9\ccdn_repository\org\springframework\spring-jdbc\5.1.6.RELEASE\spring-jdbc-5.1.6.RELEASE.jar;E:\Maven3.3.9\ccdn_repository\javax\transaction\javax.transaction-api\1.3\javax.transaction-api-1.3.jar;E:\Maven3.3.9\ccdn_repository\javax\xml\bind\jaxb-api\2.3.1\jaxb-api-2.3.1.jar;E:\Maven3.3.9\ccdn_repository\javax\activation\javax.activation-api\1.2.0\javax.activation-api-1.2.0.jar;E:\Maven3.3.9\ccdn_repository\org\hibernate\hibernate-core\5.3.9.Final\hibernate-core-5.3.9.Final.jar;E:\Maven3.3.9\ccdn_repository\org\jboss\logging\jboss-logging\3.3.2.Final\jboss-logging-3.3.2.Final.jar;E:\Maven3.3.9\ccdn_repository\javax\persistence\javax.persistence-api\2.2\javax.persistence-api-2.2.jar;E:\Maven3.3.9\ccdn_repository\org\javassist\javassist\3.23.1-GA\javassist-3.23.1-GA.jar;E:\Maven3.3.9\ccdn_repository\net\bytebuddy\byte-buddy\1.9.12\byte-buddy-1.9.12.jar;E:\Maven3.3.9\ccdn_repository\antlr\antlr\2.7.7\antlr-2.7.7.jar;E:\Maven3.3.9\ccdn_repository\org\jboss\jandex\2.0.5.Final\jandex-2.0.5.Final.jar;E:\Maven3.3.9\ccdn_repository\com\fasterxml\classmate\1.4.0\classmate-1.4.0.jar;E:\Maven3.3.9\ccdn_repository\org\dom4j\dom4j\2.1.1\dom4j-2.1.1.jar;E:\Maven3.3.9\ccdn_repository\org\hibernate\common\hibernate-commons-annotations\5.0.4.Final\hibernate-commons-annotations-5.0.4.Final.jar;E:\Maven3.3.9\ccdn_repository\org\springframework\data\spring-data-jpa\2.1.6.RELEASE\spring-data-jpa-2.1.6.RELEASE.jar;E:\Maven3.3.9\ccdn_repository\org\springframework\data\spring-data-commons\2.1.6.RELEASE\spring-data-commons-2.1.6.RELEASE.jar;E:\Maven3.3.9\ccdn_repository\org\springframework\spring-orm\5.1.6.RELEASE\spring-orm-5.1.6.RELEASE.jar;E:\Maven3.3.9\ccdn_repository\org\springframework\spring-context\5.1.6.RELEASE\spring-context-5.1.6.RELEASE.jar;E:\Maven3.3.9\ccdn_repository\org\springframework\spring-tx\5.1.6.RELEASE\spring-tx-5.1.6.RELEASE.jar;E:\Maven3.3.9\ccdn_repository\org\springframework\spring-beans\5.1.6.RELEASE\spring-beans-5.1.6.RELEASE.jar;E:\Maven3.3.9\ccdn_repository\org\slf4j\slf4j-api\1.7.26\slf4j-api-1.7.26.jar;E:\Maven3.3.9\ccdn_repository\org\springframework\spring-aspects\5.1.6.RELEASE\spring-aspects-5.1.6.RELEASE.jar;E:\kaifagongjv\ccdn_parent\ccdn_common\target\ccdn_common-1.0-SNAPSHOT.jar;E:\Maven3.3.9\ccdn_repository\mysql\mysql-connector-java\8.0.15\mysql-connector-java-8.0.15.jar;E:\Maven3.3.9\ccdn_repository\org\springframework\boot\spring-boot-starter-web\2.1.4.RELEASE\spring-boot-starter-web-2.1.4.RELEASE.jar;E:\Maven3.3.9\ccdn_repository\org\springframework\boot\spring-boot-starter\2.1.4.RELEASE\spring-boot-starter-2.1.4.RELEASE.jar;E:\Maven3.3.9\ccdn_repository\org\springframework\boot\spring-boot\2.1.4.RELEASE\spring-boot-2.1.4.RELEASE.jar;E:\Maven3.3.9\ccdn_repository\org\springframework\boot\spring-boot-autoconfigure\2.1.4.RELEASE\spring-boot-autoconfigure-2.1.4.RELEASE.jar;E:\Maven3.3.9\ccdn_repository\org\springframework\boot\spring-boot-starter-logging\2.1.4.RELEASE\spring-boot-starter-logging-2.1.4.RELEASE.jar;E:\Maven3.3.9\ccdn_repository\ch\qos\logback\logback-classic\1.2.3\logback-classic-1.2.3.jar;E:\Maven3.3.9\ccdn_repository\ch\qos\logback\logback-core\1.2.3\logback-core-1.2.3.jar;E:\Maven3.3.9\ccdn_repository\org\apache\logging\log4j\log4j-to-slf4j\2.11.2\log4j-to-slf4j-2.11.2.jar;E:\Maven3.3.9\ccdn_repository\org\apache\logging\log4j\log4j-api\2.11.2\log4j-api-2.11.2.jar;E:\Maven3.3.9\ccdn_repository\org\slf4j\jul-to-slf4j\1.7.26\jul-to-slf4j-1.7.26.jar;E:\Maven3.3.9\ccdn_repository\javax\annotation\javax.annotation-api\1.3.2\javax.annotation-api-1.3.2.jar;E:\Maven3.3.9\ccdn_repository\org\yaml\snakeyaml\1.23\snakeyaml-1.23.jar;E:\Maven3.3.9\ccdn_repository\org\springframework\boot\spring-boot-starter-json\2.1.4.RELEASE\spring-boot-starter-json-2.1.4.RELEASE.jar;E:\Maven3.3.9\ccdn_repository\com\fasterxml\jackson\core\jackson-databind\2.9.8\jackson-databind-2.9.8.jar;E:\Maven3.3.9\ccdn_repository\com\fasterxml\jackson\core\jackson-annotations\2.9.0\jackson-annotations-2.9.0.jar;E:\Maven3.3.9\ccdn_repository\com\fasterxml\jackson\core\jackson-core\2.9.8\jackson-core-2.9.8.jar;E:\Maven3.3.9\ccdn_repository\com\fasterxml\jackson\datatype\jackson-datatype-jdk8\2.9.8\jackson-datatype-jdk8-2.9.8.jar;E:\Maven3.3.9\ccdn_repository\com\fasterxml\jackson\datatype\jackson-datatype-jsr310\2.9.8\jackson-datatype-jsr310-2.9.8.jar;E:\Maven3.3.9\ccdn_repository\com\fasterxml\jackson\module\jackson-module-parameter-names\2.9.8\jackson-module-parameter-names-2.9.8.jar;E:\Maven3.3.9\ccdn_repository\org\springframework\boot\spring-boot-starter-tomcat\2.1.4.RELEASE\spring-boot-starter-tomcat-2.1.4.RELEASE.jar;E:\Maven3.3.9\ccdn_repository\org\apache\tomcat\embed\tomcat-embed-core\9.0.17\tomcat-embed-core-9.0.17.jar;E:\Maven3.3.9\ccdn_repository\org\apache\tomcat\embed\tomcat-embed-el\9.0.17\tomcat-embed-el-9.0.17.jar;E:\Maven3.3.9\ccdn_repository\org\apache\tomcat\embed\tomcat-embed-websocket\9.0.17\tomcat-embed-websocket-9.0.17.jar;E:\Maven3.3.9\ccdn_repository\org\hibernate\validator\hibernate-validator\6.0.16.Final\hibernate-validator-6.0.16.Final.jar;E:\Maven3.3.9\ccdn_repository\javax\validation\validation-api\2.0.1.Final\validation-api-2.0.1.Final.jar;E:\Maven3.3.9\ccdn_repository\org\springframework\spring-web\5.1.6.RELEASE\spring-web-5.1.6.RELEASE.jar;E:\Maven3.3.9\ccdn_repository\org\springframework\spring-webmvc\5.1.6.RELEASE\spring-webmvc-5.1.6.RELEASE.jar;E:\Maven3.3.9\ccdn_repository\org\springframework\spring-expression\5.1.6.RELEASE\spring-expression-5.1.6.RELEASE.jar;E:\Maven3.3.9\ccdn_repository\org\springframework\boot\spring-boot-starter-test\2.1.4.RELEASE\spring-boot-starter-test-2.1.4.RELEASE.jar;E:\Maven3.3.9\ccdn_repository\org\springframework\boot\spring-boot-test\2.1.4.RELEASE\spring-boot-test-2.1.4.RELEASE.jar;E:\Maven3.3.9\ccdn_repository\org\springframework\boot\spring-boot-test-autoconfigure\2.1.4.RELEASE\spring-boot-test-autoconfigure-2.1.4.RELEASE.jar;E:\Maven3.3.9\ccdn_repository\com\jayway\jsonpath\json-path\2.4.0\json-path-2.4.0.jar;E:\Maven3.3.9\ccdn_repository\net\minidev\json-smart\2.3\json-smart-2.3.jar;E:\Maven3.3.9\ccdn_repository\net\minidev\accessors-smart\1.2\accessors-smart-1.2.jar;E:\Maven3.3.9\ccdn_repository\org\ow2\asm\asm\5.0.4\asm-5.0.4.jar;E:\Maven3.3.9\ccdn_repository\junit\junit\4.12\junit-4.12.jar;E:\Maven3.3.9\ccdn_repository\org\assertj\assertj-core\3.11.1\assertj-core-3.11.1.jar;E:\Maven3.3.9\ccdn_repository\org\mockito\mockito-core\2.23.4\mockito-core-2.23.4.jar;E:\Maven3.3.9\ccdn_repository\net\bytebuddy\byte-buddy-agent\1.9.12\byte-buddy-agent-1.9.12.jar;E:\Maven3.3.9\ccdn_repository\org\objenesis\objenesis\2.6\objenesis-2.6.jar;E:\Maven3.3.9\ccdn_repository\org\hamcrest\hamcrest-core\1.3\hamcrest-core-1.3.jar;E:\Maven3.3.9\ccdn_repository\org\hamcrest\hamcrest-library\1.3\hamcrest-library-1.3.jar;E:\Maven3.3.9\ccdn_repository\org\skyscreamer\jsonassert\1.5.0\jsonassert-1.5.0.jar;E:\Maven3.3.9\ccdn_repository\com\vaadin\external\google\android-json\0.0.20131108.vaadin1\android-json-0.0.20131108.vaadin1.jar;E:\Maven3.3.9\ccdn_repository\org\springframework\spring-core\5.1.6.RELEASE\spring-core-5.1.6.RELEASE.jar;E:\Maven3.3.9\ccdn_repository\org\springframework\spring-jcl\5.1.6.RELEASE\spring-jcl-5.1.6.RELEASE.jar;E:\Maven3.3.9\ccdn_repository\org\springframework\spring-test\5.1.6.RELEASE\spring-test-5.1.6.RELEASE.jar;E:\Maven3.3.9\ccdn_repository\org\xmlunit\xmlunit-core\2.6.2\xmlunit-core-2.6.2.jar;"/>
    <property name="sun.cpu.endian" value="little"/>
    <property name="user.home" value="C:\Users\陈晨"/>
    <property name="user.language" value="zh"/>
    <property name="java.specification.vendor" value="Oracle Corporation"/>
    <property name="java.home" value="C:\Program Files\Java\jdk-9.0.4"/>
    <property name="file.separator" value="\"/>
    <property name="basedir" value="E:\kaifagongjv\ccdn_parent\ccdn_base"/>
    <property name="java.vm.compressedOopsMode" value="32-bit"/>
    <property name="line.separator" value="&#10;"/>
    <property name="java.vm.specification.vendor" value="Oracle Corporation"/>
    <property name="java.specification.name" value="Java Platform API Specification"/>
    <property name="java.awt.graphicsenv" value="sun.awt.Win32GraphicsEnvironment"/>
    <property name="surefire.real.class.path" value="C:\Users\陈晨\AppData\Local\Temp\surefire11013965805266777595\surefirebooter17816282288923483484.jar"/>
    <property name="user.script" value=""/>
    <property name="sun.management.compiler" value="HotSpot 64-Bit Tiered Compilers"/>
    <property name="java.runtime.version" value="9.0.4+11"/>
    <property name="user.name" value="陈晨"/>
    <property name="path.separator" value=";"/>
    <property name="os.version" value="10.0"/>
    <property name="java.runtime.name" value="Java(TM) SE Runtime Environment"/>
    <property name="file.encoding" value="GBK"/>
    <property name="java.vm.name" value="Java HotSpot(TM) 64-Bit Server VM"/>
    <property name="idea.version2020.1" value="true"/>
    <property name="localRepository" value="E:\Maven3.3.9\ccdn_repository"/>
    <property name="java.vendor.url.bug" value="http://bugreport.java.com/bugreport/"/>
    <property name="java.io.tmpdir" value="C:\Users\陈晨\AppData\Local\Temp\"/>
    <property name="java.version" value="9.0.4"/>
    <property name="user.dir" value="E:\kaifagongjv\ccdn_parent\ccdn_base"/>
    <property name="os.arch" value="amd64"/>
    <property name="java.vm.specification.name" value="Java Virtual Machine Specification"/>
    <property name="java.awt.printerjob" value="sun.awt.windows.WPrinterJob"/>
    <property name="sun.os.patch.level" value=""/>
    <property name="java.library.path" value="C:\Program Files\Java\jdk-9.0.4\bin;C:\Windows\Sun\Java\bin;C:\Windows\system32;C:\Windows;C:\ProgramData\Oracle\Java\javapath;C:\Windows\system32;C:\Windows;C:\Windows\System32\Wbem;C:\Windows\System32\WindowsPowerShell\v1.0\;C:\Windows\System32\OpenSSH\;C:\Program Files\NVIDIA Corporation\NVIDIA NvDLISR;C:\Program Files (x86)\NVIDIA Corporation\PhysX\Common;C:\Program Files\Java\jdk-9.0.4\bin;E:\kaifagongjv\mysql\bin;D:\matlab\runtime\win64;D:\matlab\bin;D:\matlab\polyspace\bin;E:\Maven3.3.9\apache-maven-3.3.9\bin;E:\node.js\;E:\node.js\node_global;C:\Users\陈晨\AppData\Local\Microsoft\WindowsApps;;E:\VScode\Microsoft VS Code\bin;C:\Users\陈晨\AppData\Roaming\npm;."/>
    <property name="java.vm.info" value="mixed mode"/>
    <property name="java.vendor" value="Oracle Corporation"/>
    <property name="java.vm.version" value="9.0.4+11"/>
    <property name="sun.io.unicode.encoding" value="UnicodeLittle"/>
    <property name="maven.repo.local" value="E:\Maven3.3.9\ccdn_repository"/>
    <property name="java.class.version" value="53.0"/>
  </properties>
  <testcase name="shouldAnswerWithTrue" classname="com.chenchen.AppTest" time="0.003"/>
</testsuite>